2021-10-19 16:24:05,993 INFO notifyConnectTimeout:200

2021-10-19 16:24:05,994 INFO notifySocketTimeout:8000

2021-10-19 16:24:05,994 INFO isHealthCheck:true

2021-10-19 16:24:05,994 INFO maxHealthCheckFailCount:12

2021-10-19 16:24:05,994 INFO maxContent:10485760

2021-10-19 16:24:06,463 INFO Schema 'NACOS' already exists.

2021-10-19 16:24:06,502 INFO Table/View 'CONFIG_INFO' already exists in Schema 'NACOS'.

2021-10-19 16:24:06,538 INFO Table/View 'HIS_CONFIG_INFO' already exists in Schema 'NACOS'.

2021-10-19 16:24:06,553 INFO Table/View 'CONFIG_INFO_BETA' already exists in Schema 'NACOS'.

2021-10-19 16:24:06,560 INFO Table/View 'CONFIG_INFO_TAG' already exists in Schema 'NACOS'.

2021-10-19 16:24:06,566 INFO Table/View 'CONFIG_INFO_AGGR' already exists in Schema 'NACOS'.

2021-10-19 16:24:06,574 INFO Table/View 'APP_LIST' already exists in Schema 'NACOS'.

2021-10-19 16:24:06,579 INFO Table/View 'APP_CONFIGDATA_RELATION_SUBS' already exists in Schema 'NACOS'.

2021-10-19 16:24:06,584 INFO Table/View 'APP_CONFIGDATA_RELATION_PUBS' already exists in Schema 'NACOS'.

2021-10-19 16:24:06,590 INFO Table/View 'CONFIG_TAGS_RELATION' already exists in Schema 'NACOS'.

2021-10-19 16:24:06,599 INFO Table/View 'GROUP_CAPACITY' already exists in Schema 'NACOS'.

2021-10-19 16:24:06,605 INFO Table/View 'TENANT_CAPACITY' already exists in Schema 'NACOS'.

2021-10-19 16:24:06,611 INFO Table/View 'TENANT_INFO' already exists in Schema 'NACOS'.

2021-10-19 16:24:06,619 INFO Table/View 'USERS' already exists in Schema 'NACOS'.

2021-10-19 16:24:06,624 INFO Table/View 'ROLES' already exists in Schema 'NACOS'.

2021-10-19 16:24:06,688 INFO The statement was aborted because it would have caused a duplicate key value in a unique or primary key constraint or unique index identified by 'SQL210922115550240' defined on 'USERS'.

2021-10-19 16:24:07,043 INFO ServerListService address-server port:8848

2021-10-19 16:24:07,043 INFO ADDRESS_SERVER_URL:http://jmenv.tbsite.net:8080/nacos/serverlist

2021-10-19 16:24:07,045 WARN [serverlist] updated to [192.168.0.147]

2021-10-19 16:24:07,113 WARN DumpService start

2021-10-19 16:24:07,115 INFO start clear all config-info.

2021-10-19 16:24:07,121 WARN clear all config-info failed.

2021-10-19 16:24:07,121 WARN clear all config-info-tenant failed.

2021-10-19 16:24:07,236 INFO [all-dump] 38 / 38

2021-10-19 16:24:07,236 INFO start clear all config-info-beta.

2021-10-19 16:24:07,236 WARN clear all config-info-beta failed.

2021-10-19 16:24:07,236 WARN clear all config-info-beta-tenant failed.

2021-10-19 16:24:07,246 INFO start clear all config-info-tag.

2021-10-19 16:24:07,247 WARN clear all config-info-tag failed.

2021-10-19 16:24:07,247 WARN clear all config-info-tag-tenant failed.

