2021-10-18 09:17:47,673 INFO DEFAULT_GROUP@@store-coupon is changed, add it to push queue.

2021-10-18 09:17:47,679 INFO DEFAULT_GROUP@@store-member is changed, add it to push queue.

2021-10-18 09:17:52,332 INFO DEFAULT_GROUP@@renren-fast is changed, add it to push queue.

2021-10-18 09:17:53,715 INFO DEFAULT_GROUP@@store-order is changed, add it to push queue.

2021-10-18 09:17:57,662 INFO DEFAULT_GROUP@@store-product is changed, add it to push queue.

2021-10-18 09:17:59,337 INFO DEFAULT_GROUP@@store-ware is changed, add it to push queue.

2021-10-18 09:18:02,026 INFO DEFAULT_GROUP@@story-thirdparty is changed, add it to push queue.

2021-10-18 09:18:04,213 INFO DEFAULT_GROUP@@store-gateway is changed, add it to push queue.

2021-10-18 09:38:06,008 INFO DEFAULT_GROUP@@store-ware is changed, add it to push queue.

2021-10-18 09:38:15,810 INFO DEFAULT_GROUP@@store-ware is changed, add it to push queue.

2021-10-18 09:38:59,819 INFO DEFAULT_GROUP@@store-ware is changed, add it to push queue.

2021-10-18 09:39:08,721 INFO DEFAULT_GROUP@@store-ware is changed, add it to push queue.

2021-10-18 09:39:24,831 INFO DEFAULT_GROUP@@store-ware is changed, add it to push queue.

2021-10-18 09:39:39,951 INFO DEFAULT_GROUP@@store-ware is changed, add it to push queue.

2021-10-18 09:41:24,098 INFO DEFAULT_GROUP@@store-ware is changed, add it to push queue.

2021-10-18 09:41:30,912 INFO DEFAULT_GROUP@@store-ware is changed, add it to push queue.

2021-10-18 09:57:07,939 INFO DEFAULT_GROUP@@store-ware is changed, add it to push queue.

2021-10-18 09:57:15,490 INFO DEFAULT_GROUP@@store-ware is changed, add it to push queue.

2021-10-18 10:03:20,508 INFO DEFAULT_GROUP@@store-ware is changed, add it to push queue.

2021-10-18 10:03:35,513 INFO DEFAULT_GROUP@@store-ware is changed, add it to push queue.

2021-10-18 10:04:50,498 INFO DEFAULT_GROUP@@store-ware is changed, add it to push queue.

2021-10-18 10:04:57,413 INFO DEFAULT_GROUP@@store-ware is changed, add it to push queue.

2021-10-18 10:12:25,715 INFO DEFAULT_GROUP@@store-ware is changed, add it to push queue.

2021-10-18 10:12:29,280 INFO DEFAULT_GROUP@@store-ware is changed, add it to push queue.

2021-10-18 10:12:45,723 INFO DEFAULT_GROUP@@store-ware is changed, add it to push queue.

2021-10-18 10:12:51,417 INFO DEFAULT_GROUP@@store-ware is changed, add it to push queue.

2021-10-18 15:33:29,571 INFO DEFAULT_GROUP@@renren-fast is changed, add it to push queue.

2021-10-18 15:33:29,599 INFO DEFAULT_GROUP@@store-coupon is changed, add it to push queue.

2021-10-18 15:33:29,614 INFO DEFAULT_GROUP@@store-member is changed, add it to push queue.

2021-10-18 15:33:29,643 INFO DEFAULT_GROUP@@store-order is changed, add it to push queue.

2021-10-18 15:33:29,668 INFO DEFAULT_GROUP@@store-product is changed, add it to push queue.

2021-10-18 15:33:29,694 INFO DEFAULT_GROUP@@store-ware is changed, add it to push queue.

2021-10-18 15:33:29,718 INFO DEFAULT_GROUP@@story-thirdparty is changed, add it to push queue.

2021-10-18 15:33:29,744 INFO DEFAULT_GROUP@@store-gateway is changed, add it to push queue.

2021-10-18 17:07:51,607 INFO DEFAULT_GROUP@@renren-fast is changed, add it to push queue.

2021-10-18 17:10:47,126 INFO DEFAULT_GROUP@@store-gateway is changed, add it to push queue.

2021-10-18 17:11:27,789 INFO DEFAULT_GROUP@@store-product is changed, add it to push queue.

2021-10-18 18:02:33,531 INFO DEFAULT_GROUP@@store-product is changed, add it to push queue.

2021-10-18 18:02:40,861 INFO DEFAULT_GROUP@@store-product is changed, add it to push queue.

2021-10-18 18:13:36,194 INFO DEFAULT_GROUP@@renren-fast is changed, add it to push queue.

2021-10-18 18:13:36,217 INFO DEFAULT_GROUP@@store-product is changed, add it to push queue.

2021-10-18 18:13:36,250 INFO DEFAULT_GROUP@@store-gateway is changed, add it to push queue.

